Build started 14/06/2014 9:13:31 AM.
     1>Project "E:\Uni\semester 1\tic tac toe (12l-4066)\tic tac toe (12l-4066)\tic tac toe (12l-4066).vcxproj" on node 2 (Build target(s)).
     1>InitializeBuildStatus:
         Touching "Debug\tic tac toe (12l-4066).unsuccessfulbuild".
       ClCompile:
         All outputs are up-to-date.
       ManifestResourceCompile:
         All outputs are up-to-date.
       Link:
         C:\Program Files (x86)\Microsoft Visual Studio 10.0\VC\bin\link.exe /ERRORREPORT:PROMPT /OUT:"E:\Uni\semester 1\tic tac toe (12l-4066)\Debug\tic tac toe (12l-4066).exe" /INCREMENTAL /NOLOGO kernel32.lib user32.lib gdi32.lib winspool.lib comdlg32.lib advapi32.lib shell32.lib ole32.lib oleaut32.lib uuid.lib odbc32.lib odbccp32.lib /MANIFEST /ManifestFile:"Debug\tic tac toe (12l-4066).exe.intermediate.manifest" /MANIFESTUAC:"level='asInvoker' uiAccess='false'" /DEBUG /PDB:"E:\Uni\semester 1\tic tac toe (12l-4066)\Debug\tic tac toe (12l-4066).pdb" /SUBSYSTEM:CONSOLE /TLBID:1 /DYNAMICBASE /NXCOMPAT /IMPLIB:"E:\Uni\semester 1\tic tac toe (12l-4066)\Debug\tic tac toe (12l-4066).lib" /MACHINE:X86 "Debug\tic tac toe (12l-4066).exe.embed.manifest.res"
         "Debug\tic tac toe(12l-4066).obj"
     1>LINK : fatal error LNK1123: failure during conversion to COFF: file invalid or corrupt
     1>Done Building Project "E:\Uni\semester 1\tic tac toe (12l-4066)\tic tac toe (12l-4066)\tic tac toe (12l-4066).vcxproj" (Build target(s)) -- FAILED.

Build FAILED.

Time Elapsed 00:00:00.54
